<?xml version="1.0" encoding="UTF-8" ?>
<testsuite errors="1" failures="0" hostname="lawn-128-61-113-74.lawn.gatech.edu" name="org.junit.runner.manipulation.Filter" tests="1" time="0.017" timestamp="2015-04-02T20:19:50">
  <properties />
  <testcase classname="org.junit.runner.manipulation.Filter" name="initializationError" time="0.016">
    <error message="No tests found matching grails test target pattern filter from org.junit.runner.Request$1@7622a94f" type="java.lang.Exception">java.lang.Exception: No tests found matching grails test target pattern filter from org.junit.runner.Request$1@7622a94f
</error>
  </testcase>
  <system-out><![CDATA[--Output from initializationError--
]]></system-out>
  <system-err><![CDATA[--Output from initializationError--
]]></system-err>
</testsuite>
